[debug] [2025-03-05T12:54:18.508Z] ----------------------------------------------------------------------
[debug] [2025-03-05T12:54:18.516Z] Command:       C:\Program Files\nodejs\node.exe C:\Users\ridgo\AppData\Roaming\npm\node_modules\firebase-tools\lib\bin\firebase.js deploy
[debug] [2025-03-05T12:54:18.517Z] CLI Version:   13.31.2
[debug] [2025-03-05T12:54:18.517Z] Platform:      win32
[debug] [2025-03-05T12:54:18.517Z] Node Version:  v22.14.0
[debug] [2025-03-05T12:54:18.518Z] Time:          Wed Mar 05 2025 18:24:18 GMT+0530 (India Standard Time)
[debug] [2025-03-05T12:54:18.518Z] ----------------------------------------------------------------------
[debug] 
[debug] [2025-03-05T12:54:18.894Z] > command requires scopes: ["email","openid","https://www.googleapis.com/auth/cloudplatformprojects.readonly","https://www.googleapis.com/auth/firebase","https://www.googleapis.com/auth/cloud-platform"]
[debug] [2025-03-05T12:54:18.896Z] > authorizing via signed-in user (ridgosh@gmail.com)
[debug] [2025-03-05T12:54:18.896Z] [iam] checking project innovation-club-126o for permissions ["datastore.indexes.create","datastore.indexes.delete","datastore.indexes.list","datastore.indexes.update","firebase.projects.get","firebasehosting.sites.update"]
[debug] [2025-03-05T12:54:18.899Z] Checked if tokens are valid: false, expires at: 1741171356829
[debug] [2025-03-05T12:54:18.899Z] Checked if tokens are valid: false, expires at: 1741171356829
[debug] [2025-03-05T12:54:18.900Z] > refreshing access token with scopes: []
[debug] [2025-03-05T12:54:18.902Z] >>> [apiv2][query] POST https://www.googleapis.com/oauth2/v3/token [none]
[debug] [2025-03-05T12:54:18.902Z] >>> [apiv2][body] POST https://www.googleapis.com/oauth2/v3/token [omitted]
[debug] [2025-03-05T12:54:19.582Z] <<< [apiv2][status] POST https://www.googleapis.com/oauth2/v3/token 200
[debug] [2025-03-05T12:54:19.582Z] <<< [apiv2][body] POST https://www.googleapis.com/oauth2/v3/token [omitted]
[debug] [2025-03-05T12:54:19.610Z] >>> [apiv2][query] POST https://cloudresourcemanager.googleapis.com/v1/projects/innovation-club-126o:testIamPermissions [none]
[debug] [2025-03-05T12:54:19.610Z] >>> [apiv2][(partial)header] POST https://cloudresourcemanager.googleapis.com/v1/projects/innovation-club-126o:testIamPermissions x-goog-quota-user=projects/innovation-club-126o
[debug] [2025-03-05T12:54:19.610Z] >>> [apiv2][body] POST https://cloudresourcemanager.googleapis.com/v1/projects/innovation-club-126o:testIamPermissions {"permissions":["datastore.indexes.create","datastore.indexes.delete","datastore.indexes.list","datastore.indexes.update","firebase.projects.get","firebasehosting.sites.update"]}
[debug] [2025-03-05T12:54:20.550Z] <<< [apiv2][status] POST https://cloudresourcemanager.googleapis.com/v1/projects/innovation-club-126o:testIamPermissions 200
[debug] [2025-03-05T12:54:20.551Z] <<< [apiv2][body] POST https://cloudresourcemanager.googleapis.com/v1/projects/innovation-club-126o:testIamPermissions {"permissions":["datastore.indexes.create","datastore.indexes.delete","datastore.indexes.list","datastore.indexes.update","firebase.projects.get","firebasehosting.sites.update"]}
[debug] [2025-03-05T12:54:20.553Z] Checked if tokens are valid: true, expires at: 1741182858583
[debug] [2025-03-05T12:54:20.553Z] Checked if tokens are valid: true, expires at: 1741182858583
[debug] [2025-03-05T12:54:20.554Z] >>> [apiv2][query] GET https://firebase.googleapis.com/v1beta1/projects/innovation-club-126o [none]
[debug] [2025-03-05T12:54:21.443Z] <<< [apiv2][status] GET https://firebase.googleapis.com/v1beta1/projects/innovation-club-126o 200
[debug] [2025-03-05T12:54:21.443Z] <<< [apiv2][body] GET https://firebase.googleapis.com/v1beta1/projects/innovation-club-126o {"projectId":"innovation-club-126o","projectNumber":"651865139573","displayName":"Innovation Club","name":"projects/innovation-club-126o","resources":{"hostingSite":"innovation-club-126o","realtimeDatabaseInstance":"innovation-club-126o-default-rtdb"},"state":"ACTIVE","etag":"1_d18dafa1-0a61-444f-a15e-d875e95a66d5"}
[info] 
[info] === Deploying to 'innovation-club-126o'...
[info] 
[info] i  deploying firestore, hosting 
[info] i  firestore: reading indexes from firestore.indexes.json... 
[info] i  cloud.firestore: checking firestore.rules for compilation errors... 
[debug] [2025-03-05T12:54:21.462Z] Checked if tokens are valid: true, expires at: 1741182858583
[debug] [2025-03-05T12:54:21.463Z] Checked if tokens are valid: true, expires at: 1741182858583
[debug] [2025-03-05T12:54:21.464Z] >>> [apiv2][query] POST https://firebaserules.googleapis.com/v1/projects/innovation-club-126o:test [none]
[debug] [2025-03-05T12:54:21.464Z] >>> [apiv2][body] POST https://firebaserules.googleapis.com/v1/projects/innovation-club-126o:test [omitted]
[debug] [2025-03-05T12:54:23.224Z] <<< [apiv2][status] POST https://firebaserules.googleapis.com/v1/projects/innovation-club-126o:test 200
[debug] [2025-03-05T12:54:23.224Z] <<< [apiv2][body] POST https://firebaserules.googleapis.com/v1/projects/innovation-club-126o:test {}
[info] +  cloud.firestore: rules file firestore.rules compiled successfully 
[debug] [2025-03-05T12:54:23.230Z] Checked if tokens are valid: true, expires at: 1741182858583
[debug] [2025-03-05T12:54:23.230Z] Checked if tokens are valid: true, expires at: 1741182858583
[debug] [2025-03-05T12:54:23.231Z] >>> [apiv2][query] POST https://firebasehosting.googleapis.com/v1beta1/projects/-/sites/innovation-club-126o/versions [none]
[debug] [2025-03-05T12:54:23.231Z] >>> [apiv2][body] POST https://firebasehosting.googleapis.com/v1beta1/projects/-/sites/innovation-club-126o/versions {"status":"CREATED","labels":{"deployment-tool":"cli-firebase"}}
[debug] [2025-03-05T12:54:24.783Z] <<< [apiv2][status] POST https://firebasehosting.googleapis.com/v1beta1/projects/-/sites/innovation-club-126o/versions 200
[debug] [2025-03-05T12:54:24.783Z] <<< [apiv2][body] POST https://firebasehosting.googleapis.com/v1beta1/projects/-/sites/innovation-club-126o/versions {"name":"projects/651865139573/sites/innovation-club-126o/versions/a2bb18fd6e61175e","status":"CREATED","config":{},"labels":{"deployment-tool":"cli-firebase"}}
[debug] [2025-03-05T12:54:24.784Z] Checked if tokens are valid: true, expires at: 1741182858583
[debug] [2025-03-05T12:54:24.785Z] Checked if tokens are valid: true, expires at: 1741182858583
[info] i  firestore: deploying indexes... 
[debug] [2025-03-05T12:54:24.786Z] Checked if tokens are valid: true, expires at: 1741182858583
[debug] [2025-03-05T12:54:24.786Z] Checked if tokens are valid: true, expires at: 1741182858583
[debug] [2025-03-05T12:54:24.787Z] >>> [apiv2][query] GET https://firebaserules.googleapis.com/v1/projects/innovation-club-126o/releases pageSize=10&pageToken=
[debug] [2025-03-05T12:54:24.788Z] >>> [apiv2][query] GET https://firestore.googleapis.com/v1/projects/innovation-club-126o/databases/(default)/collectionGroups/-/indexes [none]
[debug] [2025-03-05T12:54:25.664Z] <<< [apiv2][status] GET https://firestore.googleapis.com/v1/projects/innovation-club-126o/databases/(default)/collectionGroups/-/indexes 200
[debug] [2025-03-05T12:54:25.664Z] <<< [apiv2][body] GET https://firestore.googleapis.com/v1/projects/innovation-club-126o/databases/(default)/collectionGroups/-/indexes {}
[debug] [2025-03-05T12:54:25.665Z] Checked if tokens are valid: true, expires at: 1741182858583
[debug] [2025-03-05T12:54:25.665Z] Checked if tokens are valid: true, expires at: 1741182858583
[debug] [2025-03-05T12:54:25.665Z] >>> [apiv2][query] GET https://firestore.googleapis.com/v1/projects/innovation-club-126o/databases/(default)/collectionGroups/-/fields?filter=indexConfig.usesAncestorConfig=false OR ttlConfig:* [none]
[debug] [2025-03-05T12:54:25.850Z] <<< [apiv2][status] GET https://firestore.googleapis.com/v1/projects/innovation-club-126o/databases/(default)/collectionGroups/-/fields?filter=indexConfig.usesAncestorConfig=false OR ttlConfig:* 200
[debug] [2025-03-05T12:54:25.850Z] <<< [apiv2][body] GET https://firestore.googleapis.com/v1/projects/innovation-club-126o/databases/(default)/collectionGroups/-/fields?filter=indexConfig.usesAncestorConfig=false OR ttlConfig:* {"fields":[{"name":"projects/innovation-club-126o/databases/(default)/collectionGroups/__default__/fields/*","indexConfig":{"indexes":[{"queryScope":"COLLECTION","fields":[{"fieldPath":"*","order":"ASCENDING"}],"state":"READY"},{"queryScope":"COLLECTION","fields":[{"fieldPath":"*","order":"DESCENDING"}],"state":"READY"},{"queryScope":"COLLECTION","fields":[{"fieldPath":"*","arrayConfig":"CONTAINS"}],"state":"READY"}]}}]}
[info] +  firestore: deployed indexes in firestore.indexes.json successfully for (default) database 
[debug] [2025-03-05T12:54:26.147Z] <<< [apiv2][status] GET https://firebaserules.googleapis.com/v1/projects/innovation-club-126o/releases 200
[debug] [2025-03-05T12:54:26.148Z] <<< [apiv2][body] GET https://firebaserules.googleapis.com/v1/projects/innovation-club-126o/releases {"releases":[{"name":"projects/innovation-club-126o/releases/cloud.firestore","rulesetName":"projects/innovation-club-126o/rulesets/da9d7734-b157-4fcd-892d-2035b1a5b500","createTime":"2025-02-22T17:06:38.489015Z","updateTime":"2025-03-05T09:42:48.810385Z"}]}
[debug] [2025-03-05T12:54:26.148Z] Checked if tokens are valid: true, expires at: 1741182858583
[debug] [2025-03-05T12:54:26.148Z] Checked if tokens are valid: true, expires at: 1741182858583
[debug] [2025-03-05T12:54:26.148Z] >>> [apiv2][query] GET https://firebaserules.googleapis.com/v1/projects/innovation-club-126o/rulesets/da9d7734-b157-4fcd-892d-2035b1a5b500 [none]
[debug] [2025-03-05T12:54:27.526Z] <<< [apiv2][status] GET https://firebaserules.googleapis.com/v1/projects/innovation-club-126o/rulesets/da9d7734-b157-4fcd-892d-2035b1a5b500 200
[debug] [2025-03-05T12:54:27.526Z] <<< [apiv2][body] GET https://firebaserules.googleapis.com/v1/projects/innovation-club-126o/rulesets/da9d7734-b157-4fcd-892d-2035b1a5b500 [omitted]
[info] i  firestore: latest version of firestore.rules already up to date, skipping upload... 
[info] i  hosting[innovation-club-126o]: beginning deploy... 
[info] i  hosting[innovation-club-126o]: found 18 files in build 
[debug] [2025-03-05T12:54:27.555Z] [hosting] uploading with 200 concurrency
[debug] [2025-03-05T12:54:27.885Z] Checked if tokens are valid: true, expires at: 1741182858583
[debug] [2025-03-05T12:54:27.885Z] Checked if tokens are valid: true, expires at: 1741182858583
[debug] [2025-03-05T12:54:27.887Z] [hosting] hash cache [YnVpbGQ] stored for 18 files
[debug] [2025-03-05T12:54:27.888Z] [hosting][hash queue][FINAL] {"max":318,"min":8,"avg":33.388888888888886,"active":0,"complete":18,"success":18,"errored":0,"retried":0,"total":18,"elapsed":328}
[debug] [2025-03-05T12:54:27.888Z] >>> [apiv2][query] POST https://firebasehosting.googleapis.com/v1beta1/projects/651865139573/sites/innovation-club-126o/versions/a2bb18fd6e61175e:populateFiles [none]
[debug] [2025-03-05T12:54:27.888Z] >>> [apiv2][body] POST https://firebasehosting.googleapis.com/v1beta1/projects/651865139573/sites/innovation-club-126o/versions/a2bb18fd6e61175e:populateFiles {"files":{"/robots.txt":"bfe106a3fb878dc83461c86818bf74fc1bdc7f28538ba613cd3e775516ce8b49","/manifest.json":"ee04fb47e525c67d8424ffe9b4d8a8a24e434504478afca4e0ca602146836d4c","/logo512.png":"212b102aa09e51b3b3e06647e81f7801a61333e171f6582e8124379aabccb41d","/logo192.png":"79e2b749561016bc8af300ea19f48347ceed3cb1a54f48ae456172eca45e08f0","/favicon.ico":"974f6c96f5b930732797b30cad071b1fe8f0f78329ee8c097df5ad6c6ae7b9e7","/404.html":"762bf484ba67404bd1a3b181546ea28d60dfddf18e9dd4795d8d25bcf3c1a890","/index.html":"d286d3e666a003af184b8658a982f8061706070c2578ff49d076e268109e967f","/asset-manifest.json":"1e140c02854d616760a49bed821735a7add2d3a582dbb28b2205f167ceac4d1f","/static/js/main.dfa5741f.js.LICENSE.txt":"87aa969b0f80afe4617b84953a6c909a3ba70e720c845c7d958cb54cf0266ee7","/static/js/453.c0e1fca0.chunk.js":"8ae38f2133e698929ae9ef83d33d9bdd3ff345601925e105d6ca8a4248dfda18","/static/css/main.f855e6bc.css":"e0b62f2a73f324feb61f9ce0da624ed3f57a7a8bf0a7c54521f99493a7f1da41","/static/css/main.f855e6bc.css.map":"9e8aadc8f69c2a8943813dee9f3d5ba2edaf1e8103853219a06d1cba5389ddbc","/static/js/453.c0e1fca0.chunk.js.map":"6ca9844dfbb46ba071e9ed47a83c967df14f52f552e5ae87ffa06196e9cc3ed6","/static/media/Innovation Club favicon.bef44a184766c5303879.png":"974f6c96f5b930732797b30cad071b1fe8f0f78329ee8c097df5ad6c6ae7b9e7","/static/media/Innovation Club icon.058eeded84bc3106c688.png":"bc7253e55b4b1e7edb81a2d0b9224a2d533cf163ef17df8c7c575264dc860e22","/static/media/banner.75f1c9a7121d93c37c68.jpg":"ee0a3c8aafe0b2d1a9498f77e7865f3ebd06df84c8488fd485a55f6c1a206bca","/static/js/main.dfa5741f.js":"3bbf7ef13cad29b10ccd3eb37458287f9e90799a412e3b457d7a0930cbcc77c5","/static/js/main.dfa5741f.js.map":"cbb4d6838131720b7493caa77336e64bed740de7c93f186cc8d4e62d9da9bab9"}}
[debug] [2025-03-05T12:54:28.692Z] <<< [apiv2][status] POST https://firebasehosting.googleapis.com/v1beta1/projects/651865139573/sites/innovation-club-126o/versions/a2bb18fd6e61175e:populateFiles 200
[debug] [2025-03-05T12:54:28.693Z] <<< [apiv2][body] POST https://firebasehosting.googleapis.com/v1beta1/projects/651865139573/sites/innovation-club-126o/versions/a2bb18fd6e61175e:populateFiles {"uploadRequiredHashes":["ee0a3c8aafe0b2d1a9498f77e7865f3ebd06df84c8488fd485a55f6c1a206bca","d286d3e666a003af184b8658a982f8061706070c2578ff49d076e268109e967f","1e140c02854d616760a49bed821735a7add2d3a582dbb28b2205f167ceac4d1f","3bbf7ef13cad29b10ccd3eb37458287f9e90799a412e3b457d7a0930cbcc77c5","cbb4d6838131720b7493caa77336e64bed740de7c93f186cc8d4e62d9da9bab9"],"uploadUrl":"https://upload-firebasehosting.googleapis.com/upload/sites/innovation-club-126o/versions/a2bb18fd6e61175e/files"}
[debug] [2025-03-05T12:54:28.694Z] Checked if tokens are valid: true, expires at: 1741182858583
[debug] [2025-03-05T12:54:28.695Z] Checked if tokens are valid: true, expires at: 1741182858583
[debug] [2025-03-05T12:54:28.695Z] Checked if tokens are valid: true, expires at: 1741182858583
[debug] [2025-03-05T12:54:28.695Z] Checked if tokens are valid: true, expires at: 1741182858583
[debug] [2025-03-05T12:54:28.696Z] Checked if tokens are valid: true, expires at: 1741182858583
[debug] [2025-03-05T12:54:28.696Z] Checked if tokens are valid: true, expires at: 1741182858583
[debug] [2025-03-05T12:54:28.697Z] Checked if tokens are valid: true, expires at: 1741182858583
[debug] [2025-03-05T12:54:28.697Z] Checked if tokens are valid: true, expires at: 1741182858583
[debug] [2025-03-05T12:54:28.697Z] Checked if tokens are valid: true, expires at: 1741182858583
[debug] [2025-03-05T12:54:28.698Z] Checked if tokens are valid: true, expires at: 1741182858583
[debug] [2025-03-05T12:54:28.698Z] >>> [apiv2][query] POST https://upload-firebasehosting.googleapis.com/upload/sites/innovation-club-126o/versions/a2bb18fd6e61175e/files/ee0a3c8aafe0b2d1a9498f77e7865f3ebd06df84c8488fd485a55f6c1a206bca [none]
[debug] [2025-03-05T12:54:28.698Z] >>> [apiv2][body] POST https://upload-firebasehosting.googleapis.com/upload/sites/innovation-club-126o/versions/a2bb18fd6e61175e/files/ee0a3c8aafe0b2d1a9498f77e7865f3ebd06df84c8488fd485a55f6c1a206bca [stream]
[debug] [2025-03-05T12:54:28.701Z] >>> [apiv2][query] POST https://upload-firebasehosting.googleapis.com/upload/sites/innovation-club-126o/versions/a2bb18fd6e61175e/files/d286d3e666a003af184b8658a982f8061706070c2578ff49d076e268109e967f [none]
[debug] [2025-03-05T12:54:28.701Z] >>> [apiv2][body] POST https://upload-firebasehosting.googleapis.com/upload/sites/innovation-club-126o/versions/a2bb18fd6e61175e/files/d286d3e666a003af184b8658a982f8061706070c2578ff49d076e268109e967f [stream]
[debug] [2025-03-05T12:54:28.704Z] >>> [apiv2][query] POST https://upload-firebasehosting.googleapis.com/upload/sites/innovation-club-126o/versions/a2bb18fd6e61175e/files/1e140c02854d616760a49bed821735a7add2d3a582dbb28b2205f167ceac4d1f [none]
[debug] [2025-03-05T12:54:28.704Z] >>> [apiv2][body] POST https://upload-firebasehosting.googleapis.com/upload/sites/innovation-club-126o/versions/a2bb18fd6e61175e/files/1e140c02854d616760a49bed821735a7add2d3a582dbb28b2205f167ceac4d1f [stream]
[debug] [2025-03-05T12:54:28.706Z] >>> [apiv2][query] POST https://upload-firebasehosting.googleapis.com/upload/sites/innovation-club-126o/versions/a2bb18fd6e61175e/files/3bbf7ef13cad29b10ccd3eb37458287f9e90799a412e3b457d7a0930cbcc77c5 [none]
[debug] [2025-03-05T12:54:28.706Z] >>> [apiv2][body] POST https://upload-firebasehosting.googleapis.com/upload/sites/innovation-club-126o/versions/a2bb18fd6e61175e/files/3bbf7ef13cad29b10ccd3eb37458287f9e90799a412e3b457d7a0930cbcc77c5 [stream]
[debug] [2025-03-05T12:54:28.708Z] >>> [apiv2][query] POST https://upload-firebasehosting.googleapis.com/upload/sites/innovation-club-126o/versions/a2bb18fd6e61175e/files/cbb4d6838131720b7493caa77336e64bed740de7c93f186cc8d4e62d9da9bab9 [none]
[debug] [2025-03-05T12:54:28.708Z] >>> [apiv2][body] POST https://upload-firebasehosting.googleapis.com/upload/sites/innovation-club-126o/versions/a2bb18fd6e61175e/files/cbb4d6838131720b7493caa77336e64bed740de7c93f186cc8d4e62d9da9bab9 [stream]
[debug] [2025-03-05T12:54:28.710Z] [hosting][populate queue][FINAL] {"max":813,"min":813,"avg":813,"active":0,"complete":1,"success":1,"errored":0,"retried":0,"total":1,"elapsed":825}
[debug] [2025-03-05T12:54:28.710Z] [hosting] uploads queued: 5
[debug] [2025-03-05T12:54:30.480Z] <<< [apiv2][status] POST https://upload-firebasehosting.googleapis.com/upload/sites/innovation-club-126o/versions/a2bb18fd6e61175e/files/d286d3e666a003af184b8658a982f8061706070c2578ff49d076e268109e967f 200
[debug] [2025-03-05T12:54:30.481Z] <<< [apiv2][body] POST https://upload-firebasehosting.googleapis.com/upload/sites/innovation-club-126o/versions/a2bb18fd6e61175e/files/d286d3e666a003af184b8658a982f8061706070c2578ff49d076e268109e967f [stream]
[debug] [2025-03-05T12:54:30.965Z] <<< [apiv2][status] POST https://upload-firebasehosting.googleapis.com/upload/sites/innovation-club-126o/versions/a2bb18fd6e61175e/files/1e140c02854d616760a49bed821735a7add2d3a582dbb28b2205f167ceac4d1f 200
[debug] [2025-03-05T12:54:30.966Z] <<< [apiv2][body] POST https://upload-firebasehosting.googleapis.com/upload/sites/innovation-club-126o/versions/a2bb18fd6e61175e/files/1e140c02854d616760a49bed821735a7add2d3a582dbb28b2205f167ceac4d1f [stream]
[debug] [2025-03-05T12:54:31.048Z] <<< [apiv2][status] POST https://upload-firebasehosting.googleapis.com/upload/sites/innovation-club-126o/versions/a2bb18fd6e61175e/files/3bbf7ef13cad29b10ccd3eb37458287f9e90799a412e3b457d7a0930cbcc77c5 200
[debug] [2025-03-05T12:54:31.048Z] <<< [apiv2][body] POST https://upload-firebasehosting.googleapis.com/upload/sites/innovation-club-126o/versions/a2bb18fd6e61175e/files/3bbf7ef13cad29b10ccd3eb37458287f9e90799a412e3b457d7a0930cbcc77c5 [stream]
[debug] [2025-03-05T12:54:31.293Z] <<< [apiv2][status] POST https://upload-firebasehosting.googleapis.com/upload/sites/innovation-club-126o/versions/a2bb18fd6e61175e/files/ee0a3c8aafe0b2d1a9498f77e7865f3ebd06df84c8488fd485a55f6c1a206bca 200
[debug] [2025-03-05T12:54:31.293Z] <<< [apiv2][body] POST https://upload-firebasehosting.googleapis.com/upload/sites/innovation-club-126o/versions/a2bb18fd6e61175e/files/ee0a3c8aafe0b2d1a9498f77e7865f3ebd06df84c8488fd485a55f6c1a206bca [stream]
[debug] [2025-03-05T12:54:31.313Z] <<< [apiv2][status] POST https://upload-firebasehosting.googleapis.com/upload/sites/innovation-club-126o/versions/a2bb18fd6e61175e/files/cbb4d6838131720b7493caa77336e64bed740de7c93f186cc8d4e62d9da9bab9 200
[debug] [2025-03-05T12:54:31.314Z] <<< [apiv2][body] POST https://upload-firebasehosting.googleapis.com/upload/sites/innovation-club-126o/versions/a2bb18fd6e61175e/files/cbb4d6838131720b7493caa77336e64bed740de7c93f186cc8d4e62d9da9bab9 [stream]
[debug] [2025-03-05T12:54:31.314Z] [hosting][upload queue][FINAL] {"max":2617,"min":1786,"avg":2325.4,"active":0,"complete":5,"success":5,"errored":0,"retried":0,"total":5,"elapsed":2621}
[info] +  hosting[innovation-club-126o]: file upload complete 
[debug] [2025-03-05T12:54:31.315Z] [hosting] deploy completed after 3783ms
[debug] [2025-03-05T12:54:31.316Z] [rules] releasing cloud.firestore/(default) with ruleset projects/innovation-club-126o/rulesets/da9d7734-b157-4fcd-892d-2035b1a5b500
[debug] [2025-03-05T12:54:31.316Z] Checked if tokens are valid: true, expires at: 1741182858583
[debug] [2025-03-05T12:54:31.316Z] Checked if tokens are valid: true, expires at: 1741182858583
[debug] [2025-03-05T12:54:31.316Z] >>> [apiv2][query] PATCH https://firebaserules.googleapis.com/v1/projects/innovation-club-126o/releases/cloud.firestore/(default) [none]
[debug] [2025-03-05T12:54:31.316Z] >>> [apiv2][body] PATCH https://firebaserules.googleapis.com/v1/projects/innovation-club-126o/releases/cloud.firestore/(default) {"release":{"name":"projects/innovation-club-126o/releases/cloud.firestore/(default)","rulesetName":"projects/innovation-club-126o/rulesets/da9d7734-b157-4fcd-892d-2035b1a5b500"}}
